t=2017-01-03T00:30:26+0800 lvl=info msg="Request Completed" logger=context userId=1 orgId=1 uname=admin method=GET path=/public/plugins/grafana-sql/module.js status=404 remote_addr=[::1] time_ms=8ns size=8528
t=2017-01-03T00:30:26+0800 lvl=info msg="Request Completed" logger=context userId=1 orgId=1 uname=admin method=GET path=/public/plugins/grafana-sql/module.js status=404 remote_addr=[::1] time_ms=14ns size=8528
t=2017-01-03T00:36:48+0800 lvl=info msg="Request Completed" logger=context userId=1 orgId=1 uname=admin method=GET path=/public/plugins/grafana-sql/module.js status=404 remote_addr=[::1] time_ms=10ns size=8528
t=2017-01-03T09:46:33+0800 lvl=info msg="Starting Grafana" logger=main version=4.0.2 commit=v4.0.2+1-g8feaef2 compiled=2016-12-12T21:37:40+0800
t=2017-01-03T09:46:33+0800 lvl=info msg="Config loaded from" logger=settings file=E:\\grafana/conf/defaults.ini
t=2017-01-03T09:46:33+0800 lvl=info msg="Path Home" logger=settings path=E:\\grafana
t=2017-01-03T09:46:33+0800 lvl=info msg="Path Data" logger=settings path=E:\\grafana\\data
t=2017-01-03T09:46:33+0800 lvl=info msg="Path Logs" logger=settings path=E:\\grafana\\data\\log
t=2017-01-03T09:46:33+0800 lvl=info msg="Path Plugins" logger=settings path=E:\\grafana\\data\\plugins
t=2017-01-03T09:46:33+0800 lvl=info msg="Initializing DB" logger=sqlstore dbtype=sqlite3
t=2017-01-03T09:46:33+0800 lvl=info msg="Starting DB migration" logger=migrator
t=2017-01-03T09:46:33+0800 lvl=info msg="Executing migration" logger=migrator id="copy data account to org"
t=2017-01-03T09:46:33+0800 lvl=info msg="Skipping migration condition not fulfilled" logger=migrator id="copy data account to org"
t=2017-01-03T09:46:33+0800 lvl=info msg="Executing migration" logger=migrator id="copy data account_user to org_user"
t=2017-01-03T09:46:33+0800 lvl=info msg="Skipping migration condition not fulfilled" logger=migrator id="copy data account_user to org_user"
t=2017-01-03T09:46:33+0800 lvl=info msg="Starting plugin search" logger=plugins
t=2017-01-03T09:46:33+0800 lvl=info msg="Registering plugin" logger=plugins name=SQL
t=2017-01-03T09:46:33+0800 lvl=info msg="Initializing Alerting" logger=alerting.engine
t=2017-01-03T09:46:33+0800 lvl=info msg="Initializing CleanUpService" logger=cleanup
t=2017-01-03T09:46:33+0800 lvl=info msg="Initializing HTTP Server" logger=server address=0.0.0.0:3000 protocol=http subUrl=
t=2017-01-03T09:47:30+0800 lvl=info msg="Request Completed" logger=context userId=0 orgId=0 uname= method=GET path=/ status=302 remote_addr=[::1] time_ms=10ns size=29
t=2017-01-03T09:47:30+0800 lvl=info msg="Request Completed" logger=context userId=0 orgId=0 uname= method=GET path=/login status=302 remote_addr=[::1] time_ms=6ns size=24
t=2017-01-03T09:58:08+0800 lvl=info msg="Request Completed" logger=context userId=1 orgId=1 uname=admin method=GET path=/favicon.ico status=404 remote_addr=[::1] time_ms=19ns size=8523
t=2017-01-03T10:51:49+0800 lvl=info msg="Request Completed" logger=context userId=1 orgId=1 uname=admin method=GET path=/public/plugins/grafana-sql/module.js status=404 remote_addr=[::1] time_ms=8ns size=8523
t=2017-01-03T10:51:49+0800 lvl=info msg="Request Completed" logger=context userId=1 orgId=1 uname=admin method=GET path=/public/plugins/grafana-sql/module.js status=404 remote_addr=[::1] time_ms=9ns size=8523
t=2017-01-03T15:40:36+0800 lvl=info msg="Request Completed" logger=context userId=1 orgId=1 uname=admin method=GET path=/public/plugins/grafana-sql/module.js status=404 remote_addr=[::1] time_ms=6ns size=8523
t=2017-01-03T15:40:36+0800 lvl=info msg="Request Completed" logger=context userId=1 orgId=1 uname=admin method=GET path=/public/plugins/grafana-sql/module.js status=404 remote_addr=[::1] time_ms=9ns size=8523
t=2017-01-03T15:41:35+0800 lvl=info msg="Request Completed" logger=context userId=1 orgId=1 uname=admin method=GET path=/public/plugins/grafana-sql/module.js status=404 remote_addr=[::1] time_ms=7ns size=8523
t=2017-01-03T15:41:52+0800 lvl=info msg="Request Completed" logger=context userId=1 orgId=1 uname=admin method=GET path=/public/plugins/grafana-sql/module.js status=404 remote_addr=[::1] time_ms=8ns size=8523
t=2017-01-03T15:41:52+0800 lvl=info msg="Request Completed" logger=context userId=1 orgId=1 uname=admin method=GET path=/public/plugins/grafana-sql/module.js status=404 remote_addr=[::1] time_ms=18ns size=8523
t=2017-01-03T16:08:48+0800 lvl=info msg="Request Completed" logger=context userId=1 orgId=1 uname=admin method=GET path=/public/plugins/grafana-sql/module.js status=404 remote_addr=[::1] time_ms=8ns size=8523
t=2017-01-03T16:08:48+0800 lvl=info msg="Request Completed" logger=context userId=1 orgId=1 uname=admin method=GET path=/public/plugins/grafana-sql/module.js status=404 remote_addr=[::1] time_ms=23ns size=8523
t=2017-01-03T16:13:54+0800 lvl=info msg="Request Completed" logger=context userId=1 orgId=1 uname=admin method=GET path=/public/plugins/grafana-sql/module.js status=404 remote_addr=[::1] time_ms=6ns size=8523
t=2017-01-03T16:26:34+0800 lvl=info msg="Request Completed" logger=context userId=1 orgId=1 uname=admin method=GET path=/public/plugins/grafana-sql/query_ctrl.js status=404 remote_addr=[::1] time_ms=16ns size=8523
t=2017-01-03T16:52:05+0800 lvl=info msg="Request Completed" logger=context userId=1 orgId=1 uname=admin method=GET path=/public/plugins/grafana-sql/module.js status=404 remote_addr=[::1] time_ms=8ns size=8523
t=2017-01-03T17:09:52+0800 lvl=info msg="Request Completed" logger=context userId=1 orgId=1 uname=admin method=GET path=/public/plugins/grafana-sql/module.js status=404 remote_addr=[::1] time_ms=8ns size=8523
t=2017-01-03T17:30:32+0800 lvl=info msg="Request Completed" logger=context userId=1 orgId=1 uname=admin method=GET path=/public/plugins/grafana-sql/module.js status=404 remote_addr=[::1] time_ms=7ns size=8523
t=2017-01-03T18:26:38+0800 lvl=info msg="Request Completed" logger=context userId=1 orgId=1 uname=admin method=GET path=/public/plugins/grafana-sql/module.js status=404 remote_addr=[::1] time_ms=5ns size=8523
t=2017-01-03T18:26:38+0800 lvl=info msg="Request Completed" logger=context userId=1 orgId=1 uname=admin method=GET path=/public/plugins/grafana-sql/module.js status=404 remote_addr=[::1] time_ms=7ns size=8523
t=2017-01-03T18:31:56+0800 lvl=info msg="Request Completed" logger=context userId=1 orgId=1 uname=admin method=GET path=/public/q status=404 remote_addr=[::1] time_ms=16ns size=8523
t=2017-01-04T09:14:20+0800 lvl=info msg="Starting Grafana" logger=main version=4.0.2 commit=v4.0.2+1-g8feaef2 compiled=2016-12-12T21:37:40+0800
t=2017-01-04T09:14:20+0800 lvl=info msg="Config loaded from" logger=settings file=E:\\grafana/conf/defaults.ini
t=2017-01-04T09:14:20+0800 lvl=info msg="Path Home" logger=settings path=E:\\grafana
t=2017-01-04T09:14:20+0800 lvl=info msg="Path Data" logger=settings path=E:\\grafana\\data
t=2017-01-04T09:14:20+0800 lvl=info msg="Path Logs" logger=settings path=E:\\grafana\\data\\log
t=2017-01-04T09:14:20+0800 lvl=info msg="Path Plugins" logger=settings path=E:\\grafana\\data\\plugins
t=2017-01-04T09:14:20+0800 lvl=info msg="Initializing DB" logger=sqlstore dbtype=sqlite3
t=2017-01-04T09:14:20+0800 lvl=info msg="Starting DB migration" logger=migrator
t=2017-01-04T09:14:20+0800 lvl=info msg="Executing migration" logger=migrator id="copy data account to org"
t=2017-01-04T09:14:20+0800 lvl=info msg="Skipping migration condition not fulfilled" logger=migrator id="copy data account to org"
t=2017-01-04T09:14:20+0800 lvl=info msg="Executing migration" logger=migrator id="copy data account_user to org_user"
t=2017-01-04T09:14:20+0800 lvl=info msg="Skipping migration condition not fulfilled" logger=migrator id="copy data account_user to org_user"
t=2017-01-04T09:14:20+0800 lvl=info msg="Starting plugin search" logger=plugins
t=2017-01-04T09:14:20+0800 lvl=info msg="Registering plugin" logger=plugins name=SQL
t=2017-01-04T09:14:20+0800 lvl=info msg="Initializing CleanUpService" logger=cleanup
t=2017-01-04T09:14:20+0800 lvl=info msg="Initializing Alerting" logger=alerting.engine
t=2017-01-04T09:14:20+0800 lvl=info msg="Initializing HTTP Server" logger=server address=0.0.0.0:3000 protocol=http subUrl=
t=2017-01-04T09:21:06+0800 lvl=info msg="Request Completed" logger=context userId=0 orgId=0 uname= method=GET path=/ status=302 remote_addr=[::1] time_ms=8ns size=29
t=2017-01-04T09:21:06+0800 lvl=info msg="Request Completed" logger=context userId=0 orgId=0 uname= method=GET path=/login status=302 remote_addr=[::1] time_ms=7ns size=24
